TN:
SF:jest.config.js
FN:1,(empty-report)
FNF:1
FNH:0
FNDA:0,(empty-report)
DA:1,0
DA:2,0
DA:3,0
DA:4,0
DA:5,0
DA:6,0
DA:7,0
DA:8,0
LF:8
LH:0
BRDA:1,0,0,0
BRF:1
BRH:0
end_of_record
TN:
SF:bin/gendiff.js
FN:1,(empty-report)
FNF:1
FNH:0
FNDA:0,(empty-report)
DA:1,0
DA:2,0
DA:3,0
DA:4,0
DA:5,0
DA:6,0
DA:7,0
DA:8,0
DA:9,0
DA:10,0
DA:11,0
DA:12,0
DA:13,0
DA:14,0
DA:15,0
LF:15
LH:0
BRDA:1,0,0,0
BRF:1
BRH:0
end_of_record
TN:
SF:coverage/lcov-report/block-navigation.js
FN:1,(empty-report)
FNF:1
FNH:0
FNDA:0,(empty-report)
DA:1,0
DA:2,0
DA:3,0
DA:4,0
DA:5,0
DA:6,0
DA:7,0
DA:8,0
DA:9,0
DA:10,0
DA:11,0
DA:12,0
DA:13,0
DA:14,0
DA:15,0
DA:16,0
DA:17,0
DA:18,0
DA:19,0
DA:20,0
DA:21,0
DA:22,0
DA:23,0
DA:24,0
DA:25,0
DA:26,0
DA:27,0
DA:28,0
DA:29,0
DA:30,0
DA:31,0
DA:32,0
DA:33,0
DA:34,0
DA:35,0
DA:36,0
DA:37,0
DA:38,0
DA:39,0
DA:40,0
DA:41,0
DA:42,0
DA:43,0
DA:44,0
DA:45,0
DA:46,0
DA:47,0
DA:48,0
DA:49,0
DA:50,0
DA:51,0
DA:52,0
DA:53,0
DA:54,0
DA:55,0
DA:56,0
DA:57,0
DA:58,0
DA:59,0
DA:60,0
DA:61,0
DA:62,0
DA:63,0
DA:64,0
DA:65,0
DA:66,0
DA:67,0
DA:68,0
DA:69,0
DA:70,0
DA:71,0
DA:72,0
DA:73,0
DA:74,0
DA:75,0
DA:76,0
DA:77,0
DA:78,0
DA:79,0
DA:80,0
DA:81,0
DA:82,0
DA:83,0
DA:84,0
DA:85,0
DA:86,0
DA:87,0
LF:87
LH:0
BRDA:1,0,0,0
BRF:1
BRH:0
end_of_record
TN:
SF:coverage/lcov-report/prettify.js
FN:1,(empty-report)
FNF:1
FNH:0
FNDA:0,(empty-report)
DA:1,0
DA:2,0
LF:2
LH:0
BRDA:1,0,0,0
BRF:1
BRH:0
end_of_record
TN:
SF:coverage/lcov-report/sorter.js
FN:1,(empty-report)
FNF:1
FNH:0
FNDA:0,(empty-report)
DA:1,0
DA:2,0
DA:3,0
DA:4,0
DA:5,0
DA:6,0
DA:7,0
DA:8,0
DA:9,0
DA:10,0
DA:11,0
DA:12,0
DA:13,0
DA:14,0
DA:15,0
DA:16,0
DA:17,0
DA:18,0
DA:19,0
DA:20,0
DA:21,0
DA:22,0
DA:23,0
DA:24,0
DA:25,0
DA:26,0
DA:27,0
DA:28,0
DA:29,0
DA:30,0
DA:31,0
DA:32,0
DA:33,0
DA:34,0
DA:35,0
DA:36,0
DA:37,0
DA:38,0
DA:39,0
DA:40,0
DA:41,0
DA:42,0
DA:43,0
DA:44,0
DA:45,0
DA:46,0
DA:47,0
DA:48,0
DA:49,0
DA:50,0
DA:51,0
DA:52,0
DA:53,0
DA:54,0
DA:55,0
DA:56,0
DA:57,0
DA:58,0
DA:59,0
DA:60,0
DA:61,0
DA:62,0
DA:63,0
DA:64,0
DA:65,0
DA:66,0
DA:67,0
DA:68,0
DA:69,0
DA:70,0
DA:71,0
DA:72,0
DA:73,0
DA:74,0
DA:75,0
DA:76,0
DA:77,0
DA:78,0
DA:79,0
DA:80,0
DA:81,0
DA:82,0
DA:83,0
DA:84,0
DA:85,0
DA:86,0
DA:87,0
DA:88,0
DA:89,0
DA:90,0
DA:91,0
DA:92,0
DA:93,0
DA:94,0
DA:95,0
DA:96,0
DA:97,0
DA:98,0
DA:99,0
DA:100,0
DA:101,0
DA:102,0
DA:103,0
DA:104,0
DA:105,0
DA:106,0
DA:107,0
DA:108,0
DA:109,0
DA:110,0
DA:111,0
DA:112,0
DA:113,0
DA:114,0
DA:115,0
DA:116,0
DA:117,0
DA:118,0
DA:119,0
DA:120,0
DA:121,0
DA:122,0
DA:123,0
DA:124,0
DA:125,0
DA:126,0
DA:127,0
DA:128,0
DA:129,0
DA:130,0
DA:131,0
DA:132,0
DA:133,0
DA:134,0
DA:135,0
DA:136,0
DA:137,0
DA:138,0
DA:139,0
DA:140,0
DA:141,0
DA:142,0
DA:143,0
DA:144,0
DA:145,0
DA:146,0
DA:147,0
DA:148,0
DA:149,0
DA:150,0
DA:151,0
DA:152,0
DA:153,0
DA:154,0
DA:155,0
DA:156,0
DA:157,0
DA:158,0
DA:159,0
DA:160,0
DA:161,0
DA:162,0
DA:163,0
DA:164,0
DA:165,0
DA:166,0
DA:167,0
DA:168,0
DA:169,0
DA:170,0
DA:171,0
DA:172,0
DA:173,0
DA:174,0
DA:175,0
DA:176,0
DA:177,0
DA:178,0
DA:179,0
DA:180,0
DA:181,0
DA:182,0
DA:183,0
DA:184,0
DA:185,0
DA:186,0
DA:187,0
DA:188,0
DA:189,0
DA:190,0
DA:191,0
DA:192,0
DA:193,0
DA:194,0
DA:195,0
DA:196,0
LF:196
LH:0
BRDA:1,0,0,0
BRF:1
BRH:0
end_of_record
TN:
SF:src/buildDiffTree.js
FN:3,buildDiffTree
FNF:1
FNH:1
FNDA:30,buildDiffTree
DA:1,1
DA:2,1
DA:3,1
DA:4,30
DA:5,30
DA:6,108
DA:7,108
DA:8,108
DA:9,24
DA:10,24
DA:11,24
DA:12,24
DA:13,24
DA:14,24
DA:15,108
DA:16,24
DA:17,24
DA:18,24
DA:19,24
DA:20,24
DA:21,24
DA:22,24
DA:23,108
DA:24,30
DA:25,30
DA:26,108
DA:27,12
DA:28,12
DA:29,18
DA:30,30
DA:31,30
DA:32,1
DA:33,1
DA:34,1
LF:34
LH:34
BRDA:1,0,0,1
BRDA:3,1,0,30
BRDA:5,2,0,108
BRDA:8,3,0,36
BRDA:8,4,0,24
BRDA:15,5,0,84
BRDA:15,6,0,54
BRDA:15,7,0,42
BRDA:15,8,0,24
BRDA:23,9,0,60
BRDA:23,10,0,30
BRDA:23,11,0,30
BRDA:26,12,0,12
BRDA:29,13,0,18
BRF:14
BRH:14
end_of_record
TN:
SF:src/index.js
FN:6,getAbsPath
FN:7,getExtname
FN:9,default
FNF:3
FNH:3
FNDA:12,getAbsPath
FNDA:12,getExtname
FNDA:6,default
DA:1,1
DA:2,1
DA:3,1
DA:4,1
DA:5,1
DA:6,1
DA:7,1
DA:8,1
DA:9,1
DA:10,6
DA:11,6
DA:12,6
DA:13,6
DA:14,6
DA:15,6
DA:16,6
DA:17,6
DA:18,1
LF:18
LH:18
BRDA:1,0,0,1
BRDA:6,1,0,12
BRDA:7,2,0,12
BRDA:9,3,0,6
BRF:4
BRH:4
end_of_record
TN:
SF:src/parser.js
FN:4,parse
FNF:1
FNH:1
FNDA:12,parse
DA:1,1
DA:2,1
DA:3,1
DA:4,1
DA:5,12
DA:6,12
DA:7,7
DA:8,12
DA:9,12
DA:10,5
DA:11,12
DA:12,0
DA:13,12
DA:14,1
DA:15,1
DA:16,1
LF:16
LH:15
BRDA:1,0,0,1
BRDA:4,1,0,12
BRDA:6,2,0,7
BRDA:8,3,0,5
BRDA:9,4,0,5
BRDA:11,5,0,0
BRF:6
BRH:5
end_of_record
TN:
SF:src/toFormat.js
FN:4,default
FNF:1
FNH:1
FNDA:6,default
DA:1,1
DA:2,1
DA:3,1
DA:4,1
DA:5,6
DA:6,6
DA:7,3
DA:8,6
DA:9,1
DA:10,6
DA:11,6
DA:12,2
DA:13,6
DA:14,0
DA:15,6
DA:16,1
LF:16
LH:15
BRDA:1,0,0,1
BRDA:4,1,0,6
BRDA:6,2,0,3
BRDA:8,3,0,1
BRDA:10,4,0,1
BRDA:11,5,0,2
BRDA:13,6,0,0
BRF:7
BRH:6
end_of_record
TN:
SF:src/formatters/plain.js
FN:3,stringify
FN:13,plain
FN:14,iter
FNF:3
FNH:3
FNDA:13,stringify
FNDA:1,plain
FNDA:5,iter
DA:1,1
DA:2,1
DA:3,1
DA:4,13
DA:5,7
DA:6,7
DA:7,13
DA:8,3
DA:9,3
DA:10,3
DA:11,1
DA:12,1
DA:13,1
DA:14,1
DA:15,5
DA:16,18
DA:17,18
DA:18,18
DA:19,18
DA:20,18
DA:21,18
DA:22,18
DA:23,18
DA:24,18
DA:25,18
DA:26,18
DA:27,2
DA:28,18
DA:29,5
DA:30,5
DA:31,5
DA:32,5
DA:33,5
DA:34,5
DA:35,18
DA:36,4
DA:37,4
DA:38,4
DA:39,4
DA:40,4
DA:41,4
DA:42,4
DA:43,4
DA:44,18
DA:45,4
DA:46,18
DA:47,3
DA:48,18
DA:49,5
DA:50,5
DA:51,1
DA:52,1
DA:53,1
DA:54,1
DA:55,1
LF:55
LH:55
BRDA:1,0,0,1
BRDA:3,1,0,13
BRDA:4,2,0,7
BRDA:7,3,0,6
BRDA:7,4,0,3
BRDA:13,5,0,1
BRDA:14,6,0,5
BRDA:15,7,0,18
BRDA:26,8,0,2
BRDA:28,9,0,5
BRDA:35,10,0,4
BRDA:44,11,0,4
BRDA:46,12,0,3
BRF:13
BRH:13
end_of_record
TN:
SF:src/formatters/stylish.js
FN:3,getSpaces
FN:14,getCloseBracket
FN:16,stringify
FN:25,stylish
FN:26,iter
FNF:5
FNH:5
FNDA:132,getSpaces
FNDA:36,getCloseBracket
FNDA:81,stringify
FNDA:3,stylish
FNDA:15,iter
DA:1,1
DA:2,1
DA:3,1
DA:4,1
DA:5,1
DA:6,1
DA:7,1
DA:8,1
DA:9,1
DA:10,1
DA:11,1
DA:12,1
DA:13,1
DA:14,1
DA:15,1
DA:16,1
DA:17,81
DA:18,81
DA:19,60
DA:20,60
DA:21,21
DA:22,21
DA:23,1
DA:24,1
DA:25,1
DA:26,3
DA:27,15
DA:28,15
DA:29,54
DA:30,54
DA:31,54
DA:32,54
DA:33,54
DA:34,54
DA:35,54
DA:36,54
DA:37,54
DA:38,54
DA:39,54
DA:40,6
DA:41,54
DA:42,15
DA:43,54
DA:44,12
DA:45,12
DA:46,12
DA:47,12
DA:48,12
DA:49,54
DA:50,12
DA:51,54
DA:52,9
DA:53,54
DA:54,15
DA:55,15
DA:56,3
DA:57,3
DA:58,1
DA:59,1
DA:60,1
LF:60
LH:60
BRDA:1,0,0,1
BRDA:3,1,0,132
BRDA:14,2,0,36
BRDA:16,3,0,81
BRDA:18,4,0,60
BRDA:21,5,0,21
BRDA:21,6,0,27
BRDA:25,7,0,3
BRDA:26,8,0,15
BRDA:28,9,0,54
BRDA:39,10,0,6
BRDA:41,11,0,15
BRDA:43,12,0,12
BRDA:49,13,0,12
BRDA:51,14,0,9
BRF:15
BRH:15
end_of_record
